make all --dry-run --always-make --keep-going --print-directory
make: Entering directory '/home/ww/opencv/U_test'
/usr/share/cmake-3.22.1-linux-x86_64/bin/cmake -S/home/ww/opencv/U_test -B/home/ww/opencv/U_test --check-build-system CMakeFiles/Makefile.cmake 0
/usr/share/cmake-3.22.1-linux-x86_64/bin/cmake -E cmake_progress_start /home/ww/opencv/U_test/CMakeFiles /home/ww/opencv/U_test//CMakeFiles/progress.marks
make -s -f CMakeFiles/Makefile2 all
make[1]: Entering directory '/home/ww/opencv/U_test'
make -s -f CMakeFiles/U_test.dir/build.make CMakeFiles/U_test.dir/depend
make[2]: Entering directory '/home/ww/opencv/U_test'
cd /home/ww/opencv/U_test && /usr/share/cmake-3.22.1-linux-x86_64/bin/cmake -E cmake_depends "Unix Makefiles" /home/ww/opencv/U_test /home/ww/opencv/U_test /home/ww/opencv/U_test /home/ww/opencv/U_test /home/ww/opencv/U_test/CMakeFiles/U_test.dir/DependInfo.cmake --color=
make[2]: Leaving directory '/home/ww/opencv/U_test'
make -s -f CMakeFiles/U_test.dir/build.make CMakeFiles/U_test.dir/build
make[2]: Entering directory '/home/ww/opencv/U_test'
/usr/share/cmake-3.22.1-linux-x86_64/bin/cmake -E cmake_echo_color --switch= --green --progress-dir=/home/ww/opencv/U_test/CMakeFiles --progress-num=1 "Building CXX object CMakeFiles/U_test.dir/main.cpp.o"
/usr/bin/c++  -isystem /usr/local/include/opencv4  -MD -MT CMakeFiles/U_test.dir/main.cpp.o -MF CMakeFiles/U_test.dir/main.cpp.o.d -o CMakeFiles/U_test.dir/main.cpp.o -c /home/ww/opencv/U_test/main.cpp
/usr/share/cmake-3.22.1-linux-x86_64/bin/cmake -E cmake_echo_color --switch= --green --bold --progress-dir=/home/ww/opencv/U_test/CMakeFiles --progress-num=2 "Linking CXX executable U_test"
/usr/share/cmake-3.22.1-linux-x86_64/bin/cmake -E cmake_link_script CMakeFiles/U_test.dir/link.txt --verbose=
make[2]: Leaving directory '/home/ww/opencv/U_test'
/usr/share/cmake-3.22.1-linux-x86_64/bin/cmake -E cmake_echo_color --switch= --progress-dir=/home/ww/opencv/U_test/CMakeFiles --progress-num=1,2 "Built target U_test"
make[1]: Leaving directory '/home/ww/opencv/U_test'
/usr/share/cmake-3.22.1-linux-x86_64/bin/cmake -E cmake_progress_start /home/ww/opencv/U_test/CMakeFiles 0
make: Leaving directory '/home/ww/opencv/U_test'
 
